platforms/android/build/outputs/logs/manifest-merger-debug-report.txt
-- Merging decision tree log ---
manifest
ADDED from platforms/android/AndroidManifest.xml:2:1-19:12
	package
		ADDED from platforms/android/AndroidManifest.xml:2:102-126
		INJECTED from platforms/android/AndroidManifest.xml
		INJECTED from platforms/android/AndroidManifest.xml
	android:versionName
		ADDED from platforms/android/AndroidManifest.xml:2:74-101
		INJECTED from platforms/android/AndroidManifest.xml
		INJECTED from platforms/android/AndroidManifest.xml
	android:hardwareAccelerated
		ADDED from platforms/android/AndroidManifest.xml:2:11-45
	android:versionCode
		ADDED from platforms/android/AndroidManifest.xml:2:46-73
		INJECTED from platforms/android/AndroidManifest.xml
		INJECTED from platforms/android/AndroidManifest.xml
	xmlns:android
		ADDED from platforms/android/AndroidManifest.xml:2:127-185
supports-screens
ADDED from platforms/android/AndroidManifest.xml:3:5-191
	android:largeScreens
		ADDED from platforms/android/AndroidManifest.xml:3:49-76
	android:smallScreens
		ADDED from platforms/android/AndroidManifest.xml:3:132-159
	android:normalScreens
		ADDED from platforms/android/AndroidManifest.xml:3:77-105
	android:xlargeScreens
		ADDED from platforms/android/AndroidManifest.xml:3:160-188
	android:resizeable
		ADDED from platforms/android/AndroidManifest.xml:3:106-131
	android:anyDensity
		ADDED from platforms/android/AndroidManifest.xml:3:23-48
uses-permission#android.permission.INTERNET
ADDED from platforms/android/AndroidManifest.xml:4:5-67
	android:name
		ADDED from platforms/android/AndroidManifest.xml:4:22-64
application
ADDED from platforms/android/AndroidManifest.xml:5:5-13:19
	android:label
		ADDED from platforms/android/AndroidManifest.xml:5:83-115
	android:supportsRtl
		ADDED from platforms/android/AndroidManifest.xml:5:116-142
	android:hardwareAccelerated
		ADDED from platforms/android/AndroidManifest.xml:5:18-52
	android:icon
		ADDED from platforms/android/AndroidManifest.xml:5:53-82
activity#org.ginger.app.MainActivity
ADDED from platforms/android/AndroidManifest.xml:6:9-11:20
	android:screenOrientation
		ADDED from platforms/android/AndroidManifest.xml:6:194-230
	android:label
		ADDED from platforms/android/AndroidManifest.xml:6:97-134
	android:launchMode
		ADDED from platforms/android/AndroidManifest.xml:6:135-165
	android:windowSoftInputMode
		ADDED from platforms/android/AndroidManifest.xml:6:294-336
	android:configChanges
		ADDED from platforms/android/AndroidManifest.xml:6:19-96
	android:theme
		ADDED from platforms/android/AndroidManifest.xml:6:231-293
	android:name
		ADDED from platforms/android/AndroidManifest.xml:6:166-193
intent-filter#android.intent.action.MAIN+android.intent.category.LAUNCHER
ADDED from platforms/android/AndroidManifest.xml:7:13-10:29
	android:label
		ADDED from platforms/android/AndroidManifest.xml:7:28-65
action#android.intent.action.MAIN
ADDED from platforms/android/AndroidManifest.xml:8:17-69
	android:name
		ADDED from platforms/android/AndroidManifest.xml:8:25-66
category#android.intent.category.LAUNCHER
ADDED from platforms/android/AndroidManifest.xml:9:17-77
	android:name
		ADDED from platforms/android/AndroidManifest.xml:9:27-74
service#de.appplant.cordova.plugin.background.ForegroundService
ADDED from platforms/android/AndroidManifest.xml:12:9-91
	android:name
		ADDED from platforms/android/AndroidManifest.xml:12:18-88
uses-sdk
ADDED from platforms/android/AndroidManifest.xml:14:5-74
MERGED from [android:CordovaLib:unspecified:debug] AndroidManifest.xml:25:5-44
	android:targetSdkVersion
		ADDED from platforms/android/AndroidManifest.xml:14:42-71
	android:minSdkVersion
		ADDED from platforms/android/AndroidManifest.xml:14:15-41
uses-permission#android.permission.WRITE_EXTERNAL_STORAGE
ADDED from platforms/android/AndroidManifest.xml:15:5-81
	android:name
		ADDED from platforms/android/AndroidManifest.xml:15:22-78
uses-permission#android.permission.ACCESS_COARSE_LOCATION
ADDED from platforms/android/AndroidManifest.xml:16:5-81
	android:name
		ADDED from platforms/android/AndroidManifest.xml:16:22-78
uses-permission#android.permission.ACCESS_FINE_LOCATION
ADDED from platforms/android/AndroidManifest.xml:17:5-79
	android:name
		ADDED from platforms/android/AndroidManifest.xml:17:22-76
uses-permission#android.permission.WAKE_LOCK
ADDED from platforms/android/AndroidManifest.xml:18:5-68
	android:name
		ADDED from platforms/android/AndroidManifest.xml:18:22-65